0 info it worked if it ends with ok
1 verbose cli [ 'C:\\Program Files\\nodejs\\node.exe',
1 verbose cli   'C:\\Users\\seek\\AppData\\Roaming\\npm\\node_modules\\cnpm\\node_modules\\npm\\bin\\npm-cli.js',
1 verbose cli   '--userconfig=C:\\Users\\seek\\.cnpmrc',
1 verbose cli   '--disturl=https://npm.taobao.org/mirrors/node',
1 verbose cli   '--cache=C:\\Users\\seek\\.cnpm',
1 verbose cli   '--registry=https://registry.npm.taobao.org',
1 verbose cli   '--node-gyp=C:\\Users\\seek\\AppData\\Roaming\\npm\\node_modules\\cnpm\\node_modules\\node-gyp\\bin\\node-gyp.js',
1 verbose cli   'install',
1 verbose cli   '-g',
1 verbose cli   'websocket-bench' ]
2 info using npm@2.14.8
3 info using node@v4.1.1
4 verbose install initial load of C:\Program Files\nodejs\package.json
5 verbose readDependencies loading dependencies from C:\Program Files\nodejs\package.json
6 silly cache add args [ 'websocket-bench', null ]
7 verbose cache add spec websocket-bench
8 silly cache add parsed spec Result {
8 silly cache add   raw: 'websocket-bench',
8 silly cache add   scope: null,
8 silly cache add   name: 'websocket-bench',
8 silly cache add   rawSpec: '',
8 silly cache add   spec: '*',
8 silly cache add   type: 'range' }
9 silly addNamed websocket-bench@*
10 verbose addNamed "*" is a valid semver range for websocket-bench
11 silly addNameRange { name: 'websocket-bench', range: '*', hasData: false }
12 silly mapToRegistry name websocket-bench
13 silly mapToRegistry using default registry
14 silly mapToRegistry registry https://registry.npm.taobao.org/
15 silly mapToRegistry uri https://registry.npm.taobao.org/websocket-bench
16 verbose addNameRange registry:https://registry.npm.taobao.org/websocket-bench not in flight; fetching
17 verbose request uri https://registry.npm.taobao.org/websocket-bench
18 verbose request no auth needed
19 info attempt registry request try #1 at 13:12:18
20 verbose request id 3063760c75529e4b
21 http request GET https://registry.npm.taobao.org/websocket-bench
22 http 200 https://registry.npm.taobao.org/websocket-bench
23 verbose headers { server: 'nginx/1.1.19',
23 verbose headers   date: 'Tue, 20 Oct 2015 05:12:18 GMT',
23 verbose headers   'content-type': 'application/json; charset=utf-8',
23 verbose headers   'transfer-encoding': 'chunked',
23 verbose headers   connection: 'keep-alive',
23 verbose headers   etag: '"2eaf-QzPEpby5L7uomIxsVNtCWQ"',
23 verbose headers   'x-readtime': '23',
23 verbose headers   'content-encoding': 'gzip' }
24 silly get cb [ 200,
24 silly get   { server: 'nginx/1.1.19',
24 silly get     date: 'Tue, 20 Oct 2015 05:12:18 GMT',
24 silly get     'content-type': 'application/json; charset=utf-8',
24 silly get     'transfer-encoding': 'chunked',
24 silly get     connection: 'keep-alive',
24 silly get     etag: '"2eaf-QzPEpby5L7uomIxsVNtCWQ"',
24 silly get     'x-readtime': '23',
24 silly get     'content-encoding': 'gzip' } ]
25 verbose get saving websocket-bench to C:\Users\seek\.cnpm\registry.npm.taobao.org\websocket-bench\.cache.json
26 silly addNameRange number 2 { name: 'websocket-bench', range: '*', hasData: true }
27 silly addNameRange versions [ 'websocket-bench',
27 silly addNameRange   [ '0.2.0', '0.0.6', '0.0.5', '0.0.4', '0.0.3', '0.0.2' ] ]
28 silly addNamed websocket-bench@0.2.0
29 verbose addNamed "0.2.0" is a plain semver version for websocket-bench
30 silly mapToRegistry name websocket-bench
31 silly mapToRegistry using default registry
32 silly mapToRegistry registry https://registry.npm.taobao.org/
33 silly mapToRegistry uri https://registry.npm.taobao.org/websocket-bench
34 verbose addRemoteTarball https://registry.npm.taobao.org/websocket-bench/download/websocket-bench-0.2.0.tgz not in flight; adding
35 verbose addRemoteTarball [ 'https://registry.npm.taobao.org/websocket-bench/download/websocket-bench-0.2.0.tgz',
35 verbose addRemoteTarball   '335c872eb7a7af09a3c4c898541b2c8f9223b600' ]
36 info retry fetch attempt 1 at 13:12:18
37 info attempt registry request try #1 at 13:12:18
38 http fetch GET https://registry.npm.taobao.org/websocket-bench/download/websocket-bench-0.2.0.tgz
39 http fetch 200 https://registry.npm.taobao.org/websocket-bench/download/websocket-bench-0.2.0.tgz
40 silly fetchAndShaCheck shasum 335c872eb7a7af09a3c4c898541b2c8f9223b600
41 verbose addTmpTarball C:\Users\seek\AppData\Local\Temp\npm-39972-d1a88e82\registry.npm.taobao.org\websocket-bench\download\websocket-bench-0.2.0.tgz not in flight; adding
42 verbose addTmpTarball already have metadata; skipping unpack for websocket-bench@0.2.0
43 silly cache afterAdd websocket-bench@0.2.0
44 verbose afterAdd C:\Users\seek\.cnpm\websocket-bench\0.2.0\package\package.json not in flight; writing
45 verbose afterAdd C:\Users\seek\.cnpm\websocket-bench\0.2.0\package\package.json written
46 silly install resolved [ { name: 'websocket-bench',
46 silly install resolved     version: '0.2.0',
46 silly install resolved     description: 'tool for benchmark websocket (socket.io, faye)',
46 silly install resolved     main: 'index.js',
46 silly install resolved     scripts: { test: 'gulp mocha' },
46 silly install resolved     repository:
46 silly install resolved      { type: 'git',
46 silly install resolved        url: 'git://github.com/M6Web/websocket-bench.git' },
46 silly install resolved     bin: { 'websocket-bench': './bin/websocket-bench' },
46 silly install resolved     author: '',
46 silly install resolved     license: 'BSD',
46 silly install resolved     dependencies:
46 silly install resolved      { 'socket.io-client': '~1.3.5',
46 silly install resolved        'engine.io-client': '~0.9.0',
46 silly install resolved        commander: '~1.1.1',
46 silly install resolved        colors: '~0.6',
46 silly install resolved        'cli-table': '~0.3.0',
46 silly install resolved        faye: '~0.8.9',
46 silly install resolved        winston: '~0.7.1',
46 silly install resolved        'socket.io': '~1.3.5',
46 silly install resolved        primus: '~1.5.2',
46 silly install resolved        autobahn: '~0.9.5' },
46 silly install resolved     devDependencies:
46 silly install resolved      { chai: '~1.6.0',
46 silly install resolved        mocha: '*',
46 silly install resolved        sinon: '*',
46 silly install resolved        gulp: '~3.5.2',
46 silly install resolved        'gulp-util': '~2.2.14',
46 silly install resolved        'gulp-jshint': '~1.4.2',
46 silly install resolved        'jshint-stylish': '~0.1.5',
46 silly install resolved        'gulp-mocha': '~0.4.1',
46 silly install resolved        'gulp-bump': '~0.1.5' },
46 silly install resolved     gitHead: 'a6a3c266983616ae0ef322a332d7d543ea4b1e31',
46 silly install resolved     bugs: { url: 'https://github.com/M6Web/websocket-bench/issues' },
46 silly install resolved     homepage: 'https://github.com/M6Web/websocket-bench',
46 silly install resolved     _id: 'websocket-bench@0.2.0',
46 silly install resolved     _shasum: '335c872eb7a7af09a3c4c898541b2c8f9223b600',
46 silly install resolved     _from: 'websocket-bench@*',
46 silly install resolved     _npmVersion: '2.1.11',
46 silly install resolved     _nodeVersion: '0.10.33',
46 silly install resolved     _npmUser: { name: 'nchaulet', email: 'n.chaulet@gmail.com' },
46 silly install resolved     maintainers: [ [Object] ],
46 silly install resolved     dist:
46 silly install resolved      { shasum: '335c872eb7a7af09a3c4c898541b2c8f9223b600',
46 silly install resolved        size: 13033,
46 silly install resolved        noattachment: false,
46 silly install resolved        tarball: 'http://registry.npm.taobao.org/websocket-bench/download/websocket-bench-0.2.0.tgz' },
46 silly install resolved     directories: {},
46 silly install resolved     publish_time: 1431412773424,
46 silly install resolved     _cnpm_publish_time: 1431412773424,
46 silly install resolved     _resolved: 'https://registry.npm.taobao.org/websocket-bench/download/websocket-bench-0.2.0.tgz' } ]
47 info install websocket-bench@0.2.0 into C:\Program Files\nodejs
48 info installOne websocket-bench@0.2.0
49 verbose installOne of websocket-bench to C:\Program Files\nodejs not in flight; installing
50 verbose lock using C:\Users\seek\.cnpm\_locks\websocket-bench-091b19707b4088f9.lock for C:\Program Files\nodejs\node_modules\websocket-bench
51 silly install write writing websocket-bench 0.2.0 to C:\Program Files\nodejs\node_modules\websocket-bench
52 verbose unbuild node_modules\websocket-bench
53 silly gentlyRm C:\Program Files\nodejs\node_modules\websocket-bench is being purged from base C:\Program Files\nodejs
54 verbose gentlyRm don't care about contents; nuking C:\Program Files\nodejs\node_modules\websocket-bench
55 verbose tar unpack C:\Users\seek\.cnpm\websocket-bench\0.2.0\package.tgz
56 verbose tar unpacking to C:\Program Files\nodejs\node_modules\websocket-bench
57 silly gentlyRm C:\Program Files\nodejs\node_modules\websocket-bench is being purged
58 verbose gentlyRm don't care about contents; nuking C:\Program Files\nodejs\node_modules\websocket-bench
59 silly gunzTarPerm modes [ '777', '666' ]
60 error tar.unpack untar error C:\Users\seek\.cnpm\websocket-bench\0.2.0\package.tgz
61 verbose unlock done using C:\Users\seek\.cnpm\_locks\websocket-bench-091b19707b4088f9.lock for C:\Program Files\nodejs\node_modules\websocket-bench
62 verbose fstream_path C:\Program Files\nodejs\node_modules\websocket-bench
63 verbose fstream_type Directory
64 verbose fstream_class DirWriter
65 verbose stack Error: EPERM: operation not permitted, mkdir 'C:\Program Files\nodejs\node_modules\websocket-bench'
65 verbose stack     at Error (native)
66 verbose fstream_stack C:\Users\seek\AppData\Roaming\npm\node_modules\cnpm\node_modules\npm\node_modules\fstream\lib\dir-writer.js:35:25
66 verbose fstream_stack C:\Users\seek\AppData\Roaming\npm\node_modules\cnpm\node_modules\npm\node_modules\mkdirp\index.js:47:53
66 verbose fstream_stack FSReqWrap.oncomplete (fs.js:82:15)
67 verbose cwd E:\Projects\node-els1
68 error Windows_NT 10.0.10240
69 error argv "C:\\Program Files\\nodejs\\node.exe" "C:\\Users\\seek\\AppData\\Roaming\\npm\\node_modules\\cnpm\\node_modules\\npm\\bin\\npm-cli.js" "--userconfig=C:\\Users\\seek\\.cnpmrc" "--disturl=https://npm.taobao.org/mirrors/node" "--cache=C:\\Users\\seek\\.cnpm" "--registry=https://registry.npm.taobao.org" "--node-gyp=C:\\Users\\seek\\AppData\\Roaming\\npm\\node_modules\\cnpm\\node_modules\\node-gyp\\bin\\node-gyp.js" "install" "-g" "websocket-bench"
70 error node v4.1.1
71 error npm  v2.14.8
72 error path C:\Program Files\nodejs\node_modules\websocket-bench
73 error code EPERM
74 error errno -4048
75 error syscall mkdir
76 error Error: EPERM: operation not permitted, mkdir 'C:\Program Files\nodejs\node_modules\websocket-bench'
76 error     at Error (native)
76 error  { [Error: EPERM: operation not permitted, mkdir 'C:\Program Files\nodejs\node_modules\websocket-bench']
76 error   errno: -4048,
76 error   code: 'EPERM',
76 error   syscall: 'mkdir',
76 error   path: 'C:\\Program Files\\nodejs\\node_modules\\websocket-bench',
76 error   fstream_type: 'Directory',
76 error   fstream_path: 'C:\\Program Files\\nodejs\\node_modules\\websocket-bench',
76 error   fstream_class: 'DirWriter',
76 error   fstream_stack:
76 error    [ 'C:\\Users\\seek\\AppData\\Roaming\\npm\\node_modules\\cnpm\\node_modules\\npm\\node_modules\\fstream\\lib\\dir-writer.js:35:25',
76 error      'C:\\Users\\seek\\AppData\\Roaming\\npm\\node_modules\\cnpm\\node_modules\\npm\\node_modules\\mkdirp\\index.js:47:53',
76 error      'FSReqWrap.oncomplete (fs.js:82:15)' ] }
77 error Please try running this command again as root/Administrator.
78 verbose exit [ -4048, true ]
79 verbose unbuild node_modules\websocket-bench
80 silly gentlyRm C:\Program Files\nodejs\node_modules\websocket-bench is being purged from base C:\Program Files\nodejs
81 verbose gentlyRm don't care about contents; nuking C:\Program Files\nodejs\node_modules\websocket-bench
